\BOOKMARK [0][-]{Doc-Start}{List of Abbreviations}{}% 1
\BOOKMARK [0][-]{chapter.1}{Introduction}{}% 2
\BOOKMARK [1][-]{section.1.1}{Measurement site - Haukeliseter}{chapter.1}% 3
\BOOKMARK [1][-]{section.1.2}{Observations in December}{chapter.1}% 4
\BOOKMARK [1][-]{section.1.3}{Preliminary MEPS and observation results}{chapter.1}% 5
\BOOKMARK [0][-]{chapter.2}{Instruments and snowfall retrieval}{}% 6
\BOOKMARK [1][-]{section.2.1}{Double Fence}{chapter.2}% 7
\BOOKMARK [1][-]{section.2.2}{MRR - Micro Rain Radar}{chapter.2}% 8
\BOOKMARK [1][-]{section.2.3}{PiP - Precipitation Imaging Package}{chapter.2}% 9
\BOOKMARK [1][-]{section.2.4}{MASC - Multi-Angular Snowfall Camera}{chapter.2}% 10
\BOOKMARK [1][-]{section.2.5}{Optimal Estimation Retrieval Algorithm}{chapter.2}% 11
\BOOKMARK [1][-]{section.2.6}{The estimation retrieval step-by-step}{chapter.2}% 12
\BOOKMARK [1][-]{section.2.7}{Retrieved Data processing}{chapter.2}% 13
\BOOKMARK [0][-]{chapter.3}{Numerical forecast model}{}% 14
\BOOKMARK [1][-]{section.3.1}{AROME - MetCoOP}{chapter.3}% 15
\BOOKMARK [1][-]{section.3.2}{MEPS Data processing}{chapter.3}% 16
\BOOKMARK [0][-]{chapter.4}{Analysis of the Christmas Storm 2016}{}% 17
\BOOKMARK [1][-]{section.4.1}{Extreme weather}{chapter.4}% 18
\BOOKMARK [1][-]{section.4.2}{Dynamic Tropopause map}{chapter.4}% 19
\BOOKMARK [1][-]{section.4.3}{Thickness, Sea level pressure, moisture, and wind at 250 hPa}{chapter.4}% 20
\BOOKMARK [1][-]{section.4.4}{Atmospheric River map}{chapter.4}% 21
\BOOKMARK [1][-]{section.4.5}{Observations at the weather mast}{chapter.4}% 22
\BOOKMARK [1][-]{section.4.6}{Radiosonde from Stavanger}{chapter.4}% 23
\BOOKMARK [1][-]{section.4.7}{Large scale circulation}{chapter.4}% 24
\BOOKMARK [0][-]{section.4.7}{References}{}% 25
\BOOKMARK [0][-]{appendix*.23}{Appendix A: }{}% 26
\BOOKMARK [1][-]{section.A.1}{Skew-T log-P diagram from Stavanger}{appendix*.23}% 27
